# Time: 150701 12:22:31
# User@Host:  @ 192.168.0.2 []
# Thread_id: 1 Schema: Last_errno: 0 Killed: 0
# Query_time: 0 Lock_time: 0 Rows_sent: 0 Rows_examined: 0 Rows_affected: 0 Rows_read: 1
# Bytes_sent: n/a
SET timestamp=1435764151;
metrics.metrics.find{};
# Time: 150701 12:22:31
# User@Host:  @ 192.168.0.2 []
# Thread_id: 1 Schema: Last_errno: 0 Killed: 0
# Query_time: 107 Lock_time: 0 Rows_sent: 0 Rows_examined: 0 Rows_affected: 1 Rows_read: 1
# Bytes_sent: n/a
SET timestamp=1435764151;
metrics.metrics.insert{_id:ObjectIdHex("559405159533e0c2486cc3cb"), ts:2015-07-01 12:19:49.441 -0300 UYT, a:1, b:1.002};
# Time: 150701 12:22:31
# User@Host:  @ 192.168.0.2 []
# Thread_id: 1 Schema: Last_errno: 0 Killed: 0
# Query_time: 0 Lock_time: 0 Rows_sent: 0 Rows_examined: 0 Rows_affected: 1 Rows_read: 1
# Bytes_sent: n/a
SET timestamp=1435764151;
metrics.metrics.insert{ts:2015-07-01 12:19:53.737 -0300 UYT, a:1, b:1.005, _id:ObjectIdHex("559405199533e0c2486cc3cc")};
# Time: 150701 12:22:31
# User@Host:  @ 192.168.0.2 []
# Thread_id: 1 Schema: Last_errno: 0 Killed: 0
# Query_time: 0 Lock_time: 0 Rows_sent: 0 Rows_examined: 0 Rows_affected: 1 Rows_read: 1
# Bytes_sent: n/a
SET timestamp=1435764151;
metrics.metrics.insert{_id:ObjectIdHex("5594051b9533e0c2486cc3cd"), ts:2015-07-01 12:19:55.353 -0300 UYT, a:1, b:1.002};
# Time: 150701 12:22:31
# User@Host:  @ 192.168.0.2 []
# Thread_id: 1 Schema: Last_errno: 0 Killed: 0
# Query_time: 0 Lock_time: 0 Rows_sent: 0 Rows_examined: 0 Rows_affected: 1 Rows_read: 1
# Bytes_sent: n/a
SET timestamp=1435764151;
metrics.metrics.insert{_id:ObjectIdHex("5594051c9533e0c2486cc3ce"), ts:2015-07-01 12:19:56.105 -0300 UYT, a:1, b:1.002};
# Time: 150701 12:22:31
# User@Host:  @ 192.168.0.2 []
# Thread_id: 1 Schema: Last_errno: 0 Killed: 0
# Query_time: 0 Lock_time: 0 Rows_sent: 0 Rows_examined: 0 Rows_affected: 1 Rows_read: 1
# Bytes_sent: n/a
SET timestamp=1435764151;
metrics.metrics.insert{_id:ObjectIdHex("5594051c9533e0c2486cc3cf"), ts:2015-07-01 12:19:56.497 -0300 UYT, a:1, b:1.002};
# Time: 150701 12:22:31
# User@Host:  @ 192.168.0.2 []
# Thread_id: 1 Schema: Last_errno: 0 Killed: 0
# Query_time: 0 Lock_time: 0 Rows_sent: 0 Rows_examined: 0 Rows_affected: 1 Rows_read: 1
# Bytes_sent: n/a
SET timestamp=1435764151;
metrics.metrics.insert{b:5.001, _id:ObjectIdHex("5594051f9533e0c2486cc3d0"), ts:2015-07-01 12:19:59.665 -0300 UYT, a:1};
# Time: 150701 12:22:31
# User@Host:  @ 192.168.0.2 []
# Thread_id: 1 Schema: Last_errno: 0 Killed: 0
# Query_time: 0 Lock_time: 0 Rows_sent: 6 Rows_examined: 0 Rows_affected: 0 Rows_read: 1
# Bytes_sent: n/a
SET timestamp=1435764151;
metrics.metrics.find{};
# Time: 150701 12:22:31
# User@Host:  @ 192.168.0.2 []
# Thread_id: 1 Schema: Last_errno: 0 Killed: 0
# Query_time: 0 Lock_time: 0 Rows_sent: 8 Rows_examined: 0 Rows_affected: 0 Rows_read: 1
# Bytes_sent: n/a
SET timestamp=1435764151;
metrics.system.profile.find{};
